10
<testsuite name="Mocha Tests" tests="5" failures="1" errors="1" skipped="-1" timestamp="Thu, 10 Nov 2016 07:56:18 GMT" time="23.306">
<testcase classname="Test landing Page" name="Register a new user account" time="3.638"/>
<testcase classname="Test landing Page" name="Login as using test user account" time="4.985"/>
<testcase classname="Test main Page: headline and articles" name="Update the headline and verify the change" time="1.621"/>
<testcase classname="Test main Page: headline and articles" name="Create a new text article and validate that it appears in the feed" time="1.902"/>
<testcase classname="Test main Page: headline and articles" name="Edit an article and validate the article text has updated" time="3.227"/>
<testcase classname="Test main Page: headline and articles" name="&quot;after all&quot; hook: should log out" time="0"><failure>no such element: Unable to locate element: {&quot;method&quot;:&quot;css selector&quot;,&quot;selector&quot;:&quot;*[id=&quot;nav_logout&quot;]&quot;}
  (Session info: chrome=54.0.2840.71)
  (Driver info: chromedriver=2.25.426935 (820a95b0b81d33e42712f9198c215f703412e1a1),platform=Mac OS X 10.11.6 x86_64)
NoSuchElementError: no such element: Unable to locate element: {&quot;method&quot;:&quot;css selector&quot;,&quot;selector&quot;:&quot;*[id=&quot;nav_logout&quot;]&quot;}
  (Session info: chrome=54.0.2840.71)
  (Driver info: chromedriver=2.25.426935 (820a95b0b81d33e42712f9198c215f703412e1a1),platform=Mac OS X 10.11.6 x86_64)
    at WebDriverError (node_modules/selenium-webdriver/lib/error.js:27:5)
    at NoSuchElementError (node_modules/selenium-webdriver/lib/error.js:242:5)
    at Object.checkLegacyResponse (node_modules/selenium-webdriver/lib/error.js:639:15)
    at parseHttpResponse (node_modules/selenium-webdriver/http/index.js:538:13)
    at client_.send.then.response (node_modules/selenium-webdriver/http/index.js:472:11)
    at ManagedPromise.invokeCallback_ (node_modules/selenium-webdriver/lib/promise.js:1379:14)
    at TaskQueue.execute_ (node_modules/selenium-webdriver/lib/promise.js:2913:14)
    at TaskQueue.executeNext_ (node_modules/selenium-webdriver/lib/promise.js:2896:21)
    at asyncRun (node_modules/selenium-webdriver/lib/promise.js:2820:25)
    at node_modules/selenium-webdriver/lib/promise.js:639:7
    at process._tickCallback (internal/process/next_tick.js:103:7)
From: Task: WebDriver.findElement(By(css selector, *[id=&quot;nav_logout&quot;]))
    at Driver.schedule (node_modules/selenium-webdriver/lib/webdriver.js:377:17)
    at Driver.findElement (node_modules/selenium-webdriver/lib/webdriver.js:864:17)
    at exports.findId (e2e/selenium.js:11:31)
    at exports.logout (e2e/common.js:20:15)
    at ManagedPromise.invokeCallback_ (node_modules/selenium-webdriver/lib/promise.js:1379:14)
    at TaskQueue.execute_ (node_modules/selenium-webdriver/lib/promise.js:2913:14)
    at TaskQueue.executeNext_ (node_modules/selenium-webdriver/lib/promise.js:2896:21)
    at asyncRun (node_modules/selenium-webdriver/lib/promise.js:2775:27)
    at node_modules/selenium-webdriver/lib/promise.js:639:7
    at process._tickCallback (internal/process/next_tick.js:103:7)
From: Task: WebElement.click()
    at Driver.schedule (node_modules/selenium-webdriver/lib/webdriver.js:377:17)
    at WebElementPromise.schedule_ (node_modules/selenium-webdriver/lib/webdriver.js:1744:25)
    at WebElementPromise.click (node_modules/selenium-webdriver/lib/webdriver.js:1845:17)
    at exports.logout (e2e/common.js:20:36)
    at ManagedPromise.invokeCallback_ (node_modules/selenium-webdriver/lib/promise.js:1379:14)
    at TaskQueue.execute_ (node_modules/selenium-webdriver/lib/promise.js:2913:14)
    at TaskQueue.executeNext_ (node_modules/selenium-webdriver/lib/promise.js:2896:21)
    at asyncRun (node_modules/selenium-webdriver/lib/promise.js:2775:27)
    at node_modules/selenium-webdriver/lib/promise.js:639:7
    at process._tickCallback (internal/process/next_tick.js:103:7)</failure></testcase>
</testsuite>
